This is XeTeX, Version 3.1415926-2.3-0.9997.5 (MiKTeX 2.9) (preloaded format=xelatex 2015.9.16)  17 DEC 2015 15:51
entering extended mode
**RESULTS.tex
(E:\Project-BuildingDetection\ICIP\Paper\RESULTS.tex
LaTeX2e <2011/06/27>
Babel <v3.8m> and hyphenation patterns for loaded.
! Undefined control sequence.
l.1 \section
            {RESULTS}
The control sequence at the end of the top line
of your error message was never \def'ed. If you have
misspelled it (e.g., `\hobx'), type `I' and the correct
spelling (e.g., `I\hbox'). Otherwise just continue,
and I'll forget about whatever was undefined.


! LaTeX Error: Missing \begin{document}.

See the LaTeX manual or LaTeX Companion for explanation.
Type  H <return>  for immediate help.
 ...                                              
                                                  
l.1 \section{R
              ESULTS}
You're in trouble here.  Try typing  <return>  to proceed.
If that doesn't work, type  X <return>  to quit.

Missing character: There is no R in font nullfont!
Missing character: There is no E in font nullfont!
Missing character: There is no S in font nullfont!
Missing character: There is no U in font nullfont!
Missing character: There is no L in font nullfont!
Missing character: There is no T in font nullfont!
Missing character: There is no S in font nullfont!
)
! Emergency stop.
<*> RESULTS.tex
               
*** (job aborted, no legal \end found)

 
Here is how much of TeX's memory you used:
 5 strings out of 430478
 87 string characters out of 3191002
 44928 words of memory out of 3000000
 3235 multiletter control sequences out of 15000+200000
 3640 words of font info for 14 fonts, out of 3000000 for 9000
 14 hyphenation exceptions out of 8191
 5i,0n,4p,31b,16s stack positions out of 5000i,500n,10000p,200000b,50000s
No pages of output.
